<?xml version="1.0" encoding="UTF-8"?>
<testng-results ignored="0" total="1" passed="1" failed="0" skipped="0">
  <reporter-output>
  </reporter-output>
  <suite started-at="2023-03-28T15:14:24 IST" name="Default suite" finished-at="2023-03-28T15:15:28 IST" duration-ms="64117">
    <groups>
    </groups>
    <test started-at="2023-03-28T15:14:24 IST" name="Default test" finished-at="2023-03-28T15:15:28 IST" duration-ms="64117">
      <class name="com.flow.window_handling">
        <test-method signature="newtab()[pri:0, instance:com.flow.window_handling@729d991e]" started-at="2023-03-28T15:14:24 IST" name="newtab" finished-at="2023-03-28T15:15:28 IST" duration-ms="63967" status="PASS">
          <reporter-output>
          </reporter-output>
        </test-method> <!-- newtab -->
      </class> <!-- com.flow.window_handling -->
    </test> <!-- Default test -->
  </suite> <!-- Default suite -->
</testng-results>
